Start testing: Feb 26 13:11 CET
----------------------------------------------------------
1/2 Testing: graph_test
1/2 Test: graph_test
Command: "/home/giuseppe/Scrivania/Giuseppe/università/triennale/primo_anno/programmazione/razzo/build/graph_test.t"
Directory: /home/giuseppe/Scrivania/Giuseppe/università/triennale/primo_anno/programmazione/razzo/build
"graph_test" start time: Feb 26 13:11 CET
Output:
----------------------------------------------------------
<end of output>
Test time =   5.03 sec
----------------------------------------------------------
Test Passed.
"graph_test" end time: Feb 26 13:11 CET
"graph_test" time elapsed: 00:00:05
----------------------------------------------------------

2/2 Testing: unit_tests
2/2 Test: unit_tests
Command: "/home/giuseppe/Scrivania/Giuseppe/università/triennale/primo_anno/programmazione/razzo/build/unit_tests.t"
Directory: /home/giuseppe/Scrivania/Giuseppe/università/triennale/primo_anno/programmazione/razzo/build
"unit_tests" start time: Feb 26 13:11 CET
Output:
----------------------------------------------------------
[doctest] doctest version is "2.4.11"
[doctest] run with "--help" for options
===============================================================================
[doctest] test cases:  1 |  1 passed | 0 failed | 0 skipped
[doctest] assertions: 62 | 62 passed | 0 failed |
[doctest] Status: SUCCESS!
<end of output>
Test time =   0.00 sec
----------------------------------------------------------
Test Passed.
"unit_tests" end time: Feb 26 13:11 CET
"unit_tests" time elapsed: 00:00:00
----------------------------------------------------------

End testing: Feb 26 13:11 CET
